45228 BLOCKED: /home/liarokan/Desktop/project_university/file_content_protection/docs/sample_file.txt
45295 BLOCKED: /home/liarokan/Desktop/project_university/file_content_protection/docs/sample_file.txt
45648 BLOCKED: /home/liarokan/Desktop/project_university/file_content_protection/docs/sample_file.txt
45837 BLOCKED: /home/liarokan/Desktop/project_university/file_content_protection/docs/sample_file.txt
34560 BLOCKED: /home/liarokan/Desktop/project_university/file_content_protection/docs/sample_file.txt
34835 BLOCKED: /home/liarokan/Desktop/project_university/file_content_protection/docs/sample_file.txt
34494 BLOCKED: /home/liarokan/Desktop/project_university/file_content_protection/docs/.goutputstream-5HL092
34494 BLOCKED: /home/liarokan/Desktop/project_university/file_content_protection/docs/.goutputstream-5HL092
35168 BLOCKED: /home/liarokan/Desktop/project_university/file_content_protection/docs/sample_file.txt
40096 BLOCKED: /home/liarokan/Desktop/project_university/file_content_protection/docs/sample_file.txt
40203 BLOCKED: /home/liarokan/Desktop/project_university/file_content_protection/docs/sample_file.txt
42873 BLOCKED: /home/liarokan/Desktop/project_university/file_content_protection/docs/sample_file.txt
[Tue Jul 15 22:55:30 2025] BLOCKED: /home/liarokan/Desktop/project_university/file_content_protection/docs/sample_file.txt
[Tue Jul 15 22:58:44 2025] BLOCKED: /home/liarokan/Desktop/project_university/file_content_protection/docs/sample_file.txt for PID [44879]
[Tue Jul 15 23:50:23 2025] BLOCKED: /home/liarokan/Desktop/project_university/file_content_protection/docs/sample_file.txt for PID [48952]
[Tue Jul 15 23:53:50 2025] BLOCKED: /home/liarokan/Desktop/project_university/file_content_protection/docs/sample_file.txt for PID [49448]
[Wed Jul 16 02:46:12 2025] BLOCKED: /home/liarokan/Desktop/project_university/file_content_protection/docs/sample_file.txt for PID [57824]
[Wed Jul 16 02:47:33 2025] BLOCKED: /home/liarokan/Desktop/project_university/file_content_protection/docs/sample_file.txt for PID [58276]
[Wed Jul 16 02:48:28 2025] BLOCKED: /home/liarokan/Desktop/project_university/file_content_protection/docs/lu58560p9q14.tmp for PID [44532]
[Wed Jul 16 02:48:28 2025] BLOCKED: /home/liarokan/Desktop/project_university/file_content_protection/docs/lu58560p9q14.tmp for PID [58560]
[Wed Jul 16 02:48:28 2025] BLOCKED: /home/liarokan/Desktop/project_university/file_content_protection/docs/lu58560p9q14.tmp for PID [44532]
[Wed Jul 16 02:50:02 2025] BLOCKED: /home/liarokan/Desktop/project_university/file_content_protection/docs/sample_file.txt for PID [58988]
[Wed Jul 16 02:50:09 2025] BLOCKED: /home/liarokan/Desktop/project_university/file_content_protection/docs/Untitled 1.pdf for PID [59051]
[Wed Jul 16 02:50:10 2025] BLOCKED: /home/liarokan/Desktop/project_university/file_content_protection/docs/Untitled 1.pdf for PID [59051]
[Wed Jul 16 02:50:10 2025] BLOCKED: /home/liarokan/Desktop/project_university/file_content_protection/docs/Untitled 1.pdf for PID [59051]
[Wed Jul 16 02:56:34 2025] BLOCKED: /home/liarokan/Desktop/project_university/file_content_protection/docs/sample_file.txt for PID [59711]
[Wed Jul 16 02:56:37 2025] BLOCKED: /home/liarokan/Desktop/project_university/file_content_protection/docs/Untitled 1.pdf for PID [59750]
[Wed Jul 16 02:56:37 2025] BLOCKED: /home/liarokan/Desktop/project_university/file_content_protection/docs/Untitled 1.pdf for PID [59750]
[Wed Jul 16 02:56:37 2025] BLOCKED: /home/liarokan/Desktop/project_university/file_content_protection/docs/Untitled 1.pdf for PID [59750]
[Mon Sep  8 09:50:35 2025] BLOCKED: /home/matrix/Desktop/test_project/t for PID [10705]
[Mon Sep  8 09:50:35 2025] BLOCKED: /home/matrix/Desktop/test_project/t for PID [10705]
[Mon Sep  8 09:50:45 2025] BLOCKED: /home/matrix/Desktop/test_project/t for PID [32309]
[Mon Sep  8 09:50:51 2025] BLOCKED: /home/matrix/Desktop/test_project/t for PID [32333]
[Mon Sep  8 12:38:35 2025] BLOCKED: /home/matrix/Desktop/test_project/test for PID [47143]
[Mon Sep  8 12:51:19 2025] BLOCKED: /home/matrix/Desktop/test_project/new for PID [10705]
